<?xml version="1.0" encoding="UTF-8"?>
<testsuite name="com.example.ServerTest" tests="1" skipped="0" failures="0" errors="0" timestamp="2026-06-01T10:10:17.668Z" hostname="DESKTOP-U9AI27E" time="0.769">
  <properties/>
  <testcase name="test root endpoint" classname="com.example.ServerTest" time="0.769"/>
  <system-out><![CDATA[2026-06-01 15:10:18.295 [DefaultDispatcher-worker-2 @call-context#3] INFO  io.ktor.test - No ktor.deployment.watch patterns specified, automatic reload is not active.
2026-06-01 15:10:18.350 [DefaultDispatcher-worker-2 @call-context#3] INFO  io.ktor.test - Application started in 0.068 seconds.
2026-06-01 15:10:18.355 [DefaultDispatcher-worker-1 @coroutine#5] INFO  io.ktor.test - Responding at http://localhost:80
2026-06-01 15:10:18.355 [DefaultDispatcher-worker-1 @coroutine#5] INFO  io.ktor.test - Responding at https://localhost:443
]]></system-out>
  <system-err><![CDATA[]]></system-err>
</testsuite>
